e:\visualstudiorepos\studentinfomanagementsystem\x64\debug\vc143.pdb
e:\visualstudiorepos\studentinfomanagementsystem\x64\debug\vc143.idb
e:\visualstudiorepos\studentinfomanagementsystem\x64\debug\updateinfo.obj
e:\visualstudiorepos\studentinfomanagementsystem\x64\debug\studentinfo.obj
e:\visualstudiorepos\studentinfomanagementsystem\x64\debug\student.obj
e:\visualstudiorepos\studentinfomanagementsystem\x64\debug\queryallinfo.obj
e:\visualstudiorepos\studentinfomanagementsystem\x64\debug\query.obj
e:\visualstudiorepos\studentinfomanagementsystem\x64\debug\opendatabase.obj
e:\visualstudiorepos\studentinfomanagementsystem\x64\debug\mainmenu.obj
e:\visualstudiorepos\studentinfomanagementsystem\x64\debug\main.obj
e:\visualstudiorepos\studentinfomanagementsystem\x64\debug\deleteinfo.obj
e:\visualstudiorepos\studentinfomanagementsystem\x64\debug\databaseopt.obj
e:\visualstudiorepos\studentinfomanagementsystem\x64\debug\addinfo.obj
e:\visualstudiorepos\studentinfomanagementsystem\x64\debug\studentinfomanagementsystem.pdb
e:\visualstudiorepos\studentinfomanagementsystem\x64\debug\studenti.35885fd1.tlog\cl.command.1.tlog
e:\visualstudiorepos\studentinfomanagementsystem\x64\debug\studenti.35885fd1.tlog\cl.read.1.tlog
e:\visualstudiorepos\studentinfomanagementsystem\x64\debug\studenti.35885fd1.tlog\cl.write.1.tlog
e:\visualstudiorepos\studentinfomanagementsystem\x64\debug\studenti.35885fd1.tlog\link-cvtres.read.1.tlog
e:\visualstudiorepos\studentinfomanagementsystem\x64\debug\studenti.35885fd1.tlog\link-cvtres.write.1.tlog
e:\visualstudiorepos\studentinfomanagementsystem\x64\debug\studenti.35885fd1.tlog\link-rc.read.1.tlog
e:\visualstudiorepos\studentinfomanagementsystem\x64\debug\studenti.35885fd1.tlog\link-rc.write.1.tlog
e:\visualstudiorepos\studentinfomanagementsystem\x64\debug\studenti.35885fd1.tlog\link.command.1.tlog
e:\visualstudiorepos\studentinfomanagementsystem\x64\debug\studenti.35885fd1.tlog\link.read.1.tlog
e:\visualstudiorepos\studentinfomanagementsystem\x64\debug\studenti.35885fd1.tlog\link.read.2.tlog
e:\visualstudiorepos\studentinfomanagementsystem\x64\debug\studenti.35885fd1.tlog\link.write.1.tlog
